<?xml version="1.0" encoding="UTF-8"?>
<!-- Generated by org.testng.reporters.JUnitReportReporter -->
<testsuite skipped="0" hostname="DESKTOP-5A469I4" name="com.training.realestatete.tests.RealEstateTest_MediumCases" tests="3" failures="0" timestamp="15 Dec 2019 19:11:19 GMT" time="273.490" errors="0">
  <testcase name="propertylinks_SearchRETC_039" time="93.528" classname="com.training.realestatete.tests.RealEstateTest_MediumCases"/>
  <testcase name="propertylinks_SearchRETC_046" time="75.742" classname="com.training.realestatete.tests.RealEstateTest_MediumCases"/>
  <testcase name="new_Feature_047" time="104.220" classname="com.training.realestatete.tests.RealEstateTest_MediumCases"/>
</testsuite> <!-- com.training.realestatete.tests.RealEstateTest_MediumCases -->
