<?xml version="1.0" encoding="UTF-8"?>
<!-- Generated by org.testng.reporters.JUnitReportReporter -->
<testsuite skipped="0" hostname="DESKTOP-5A469I4" name="com.training.sanity.tests.LoginTests" tests="4" failures="0" timestamp="09 Dec 2019 04:41:38 GMT" time="178.777" errors="0">
  <testcase name="apartment_SearchRETC_009" time="50.758" classname="com.training.sanity.tests.LoginTests"/>
  <testcase name="dashboard_SearchRETC_011" time="45.197" classname="com.training.sanity.tests.LoginTests"/>
  <testcase name="userlinks_SearchRETC_022" time="41.823" classname="com.training.sanity.tests.LoginTests"/>
  <testcase name="propertylinks_SearchRETC_027" time="40.999" classname="com.training.sanity.tests.LoginTests"/>
</testsuite> <!-- com.training.sanity.tests.LoginTests -->
