<?xml version="1.0" encoding="UTF-8"?>
<!-- Generated by org.testng.reporters.JUnitReportReporter -->
<testsuite skipped="0" hostname="DESKTOP-5A469I4" name="com.training.realestatete.tests.RealEstateTest" tests="1" failures="0" timestamp="12 Dec 2019 17:07:05 GMT" time="47.673" errors="0">
  <testcase name="propertylinks_SearchRETC_027" time="47.673" classname="com.training.realestatete.tests.RealEstateTest"/>
</testsuite> <!-- com.training.realestatete.tests.RealEstateTest -->
