<?xml version="1.0" encoding="UTF-8"?>
<!-- Generated by org.testng.reporters.JUnitReportReporter -->
<testsuite skipped="0" hostname="DESKTOP-5A469I4" name="com.training.sanity.tests.LoginTests" tests="1" failures="0" timestamp="08 Dec 2019 16:00:21 GMT" time="43.652" errors="0">
  <testcase name="dashboard_SearchRETC_011" time="43.652" classname="com.training.sanity.tests.LoginTests"/>
</testsuite> <!-- com.training.sanity.tests.LoginTests -->
