<?xml version="1.0" encoding="UTF-8"?>
<!-- Generated by org.testng.reporters.JUnitReportReporter -->
<testsuite skipped="0" hostname="DESKTOP-5A469I4" name="com.training.realestatete.tests.RealEstateTest_ComplecCases" tests="3" failures="0" timestamp="22 Dec 2019 08:51:08 GMT" time="194.563" errors="0">
  <testcase name="user_AddNewRETC_076" time="61.105" classname="com.training.realestatete.tests.RealEstateTest_ComplecCases"/>
  <testcase name="multiple_NewFeature_079" time="51.070" classname="com.training.realestatete.tests.RealEstateTest_ComplecCases"/>
  <testcase name="property_Details_80" time="82.388" classname="com.training.realestatete.tests.RealEstateTest_ComplecCases"/>
</testsuite> <!-- com.training.realestatete.tests.RealEstateTest_ComplecCases -->
