<?xml version="1.0" encoding="UTF-8"?>
<!-- Generated by org.testng.reporters.JUnitReportReporter -->
<testsuite skipped="0" hostname="DESKTOP-5A469I4" name="com.training.realestatete.tests.RealEstateTest_MediumCases" tests="1" failures="0" timestamp="20 Dec 2019 11:51:04 GMT" time="27.121" errors="0">
  <testcase name="propertylinks_SearchRETC_039" time="27.121" classname="com.training.realestatete.tests.RealEstateTest_MediumCases"/>
</testsuite> <!-- com.training.realestatete.tests.RealEstateTest_MediumCases -->
