<?xml version="1.0" encoding="UTF-8"?>
<!-- Generated by org.testng.reporters.JUnitReportReporter -->
<testsuite skipped="0" hostname="DESKTOP-5A469I4" name="com.training.sanity.tests.RealEstateTest" tests="1" failures="0" timestamp="11 Dec 2019 04:39:30 GMT" time="54.513" errors="0">
  <testcase name="apartment_SearchRETC_009" time="54.513" classname="com.training.sanity.tests.RealEstateTest"/>
</testsuite> <!-- com.training.sanity.tests.RealEstateTest -->
