<?xml version="1.0" encoding="UTF-8"?>
<!-- Generated by org.testng.reporters.JUnitReportReporter -->
<testsuite skipped="0" hostname="DESKTOP-5A469I4" name="com.training.sanity.tests.LoginTests" tests="3" failures="0" timestamp="08 Dec 2019 19:03:34 GMT" time="106.408" errors="0">
  <testcase name="apartment_SearchRETC_009" time="42.178" classname="com.training.sanity.tests.LoginTests"/>
  <testcase name="dashboard_SearchRETC_011" time="31.726" classname="com.training.sanity.tests.LoginTests"/>
  <testcase name="userlinks_SearchRETC_022" time="32.504" classname="com.training.sanity.tests.LoginTests"/>
</testsuite> <!-- com.training.sanity.tests.LoginTests -->
